<?xml version="1.0" encoding="UTF-8"?>
<!-- Generated by org.testng.reporters.JUnitReportReporter -->
<testsuite skipped="0" hostname="AaRav" name="com.TestNG.TestNgAnnotations" tests="3" failures="0" timestamp="2019-11-23T10:20:59 EST" time="0.012" errors="0">
  <testcase name="a" time="0.006" classname="com.TestNG.TestNgAnnotations"/>
  <testcase name="f" time="0.003" classname="com.TestNG.TestNgAnnotations"/>
  <testcase name="r" time="0.003" classname="com.TestNG.TestNgAnnotations"/>
</testsuite> <!-- com.TestNG.TestNgAnnotations -->
