<?xml version="1.0" encoding="UTF-8"?>
<!-- Generated by org.testng.reporters.JUnitReportReporter -->
<testsuite skipped="0" hostname="AaRav" name="com.TestScenarios.AakruthiCollections" tests="1" failures="0" timestamp="2019-10-08T21:30:33 EDT" time="12.707" errors="0">
  <testcase name="login" time="12.707" classname="com.TestScenarios.AakruthiCollections"/>
</testsuite> <!-- com.TestScenarios.AakruthiCollections -->
