<?xml version="1.0" encoding="UTF-8"?>
<!-- Generated by org.testng.reporters.JUnitReportReporter -->
<testsuite skipped="0" hostname="AaRav" name="com.TestScenarios.FB_Login" tests="1" failures="0" timestamp="2020-04-11T00:43:25 EDT" time="40.354" errors="0">
  <testcase name="login" time="40.354" classname="com.TestScenarios.FB_Login"/>
</testsuite> <!-- com.TestScenarios.FB_Login -->
