<?xml version="1.0" encoding="UTF-8"?>
<!-- Generated by org.testng.reporters.JUnitReportReporter -->
<testsuite skipped="0" hostname="LAPTOP-CL6L7SG3" name="com.TestScenarios.FB_Login" tests="1" failures="0" timestamp="2019-09-15T22:34:12 EDT" time="8.665" errors="0">
  <testcase name="login" time="8.665" classname="com.TestScenarios.FB_Login"/>
</testsuite> <!-- com.TestScenarios.FB_Login -->
