<?xml version="1.0" encoding="UTF-8"?>
<!-- Generated by org.testng.reporters.JUnitReportReporter -->
<testsuite skipped="0" hostname="LAPTOP-CL6L7SG3" name="com.TestNG.Sample2" tests="2" failures="0" timestamp="2019-09-10T21:20:30 EDT" time="0.006" errors="0">
  <testcase name="b" time="0.004" classname="com.TestNG.Sample2"/>
  <testcase name="a" time="0.002" classname="com.TestNG.Sample2"/>
</testsuite> <!-- com.TestNG.Sample2 -->
