<?xml version="1.0" encoding="UTF-8"?>
<!-- Generated by org.testng.reporters.JUnitReportReporter -->
<testsuite skipped="1" hostname="AaRav" name="com.TestNG.Sample3" tests="3" failures="0" timestamp="2019-11-23T10:20:59 EST" time="0.005" errors="0">
  <testcase name="r" time="0.003" classname="com.TestNG.Sample3"/>
  <testcase name="a" time="0.002" classname="com.TestNG.Sample3"/>
  <testcase name="f" classname="com.TestNG.Sample3">
    <skipped/>
  </testcase> <!-- f -->
</testsuite> <!-- com.TestNG.Sample3 -->
