<?xml version="1.0" encoding="UTF-8"?>
<!-- Generated by org.testng.reporters.JUnitReportReporter -->
<testsuite skipped="0" hostname="AaRav" name="com.TestNG.Sample1" tests="1" failures="0" timestamp="2020-01-20T13:52:48 EST" time="0.007" errors="0">
  <testcase name="f" time="0.007" classname="com.TestNG.Sample1"/>
</testsuite> <!-- com.TestNG.Sample1 -->
