<?xml version="1.0" encoding="UTF-8"?>
<!-- Generated by org.testng.reporters.JUnitReportReporter -->
<testsuite skipped="0" hostname="AaRav" name="com.TestScenarios.AC_ContactPage" tests="1" failures="0" timestamp="2019-10-11T21:39:21 EDT" time="34.623" errors="0">
  <testcase name="TC_001_login" time="34.623" classname="com.TestScenarios.AC_ContactPage"/>
</testsuite> <!-- com.TestScenarios.AC_ContactPage -->
