<?xml version="1.0" encoding="UTF-8"?>
<!-- Generated by org.testng.reporters.JUnitReportReporter -->
<testsuite skipped="0" hostname="LAPTOP-CL6L7SG3" name="com.TestNG.Sample1" tests="1" failures="0" timestamp="2019-09-10T21:20:30 EDT" time="0.004" errors="0">
  <testcase name="f" time="0.004" classname="com.TestNG.Sample1"/>
</testsuite> <!-- com.TestNG.Sample1 -->
