<?xml version="1.0" encoding="UTF-8"?>
<!-- Generated by org.testng.reporters.JUnitReportReporter -->
<testsuite skipped="0" hostname="LAPTOP-CL6L7SG3" name="com.TestNG.TestNgAnnotations" tests="3" failures="0" timestamp="2019-09-10T21:20:30 EDT" time="0.013" errors="0">
  <testcase name="r" time="0.002" classname="com.TestNG.TestNgAnnotations"/>
  <testcase name="f" time="0.006" classname="com.TestNG.TestNgAnnotations"/>
  <testcase name="a" time="0.005" classname="com.TestNG.TestNgAnnotations"/>
</testsuite> <!-- com.TestNG.TestNgAnnotations -->
