<?xml version="1.0" encoding="UTF-8"?>
<!-- Generated by org.testng.reporters.JUnitReportReporter -->
<testsuite skipped="0" hostname="AaRav" name="com.TestScenarios.ShearCircle_CustRegistration" tests="1" failures="0" timestamp="2019-12-28T12:40:23 EST" time="14.219" errors="0">
  <testcase name="login" time="14.219" classname="com.TestScenarios.ShearCircle_CustRegistration"/>
</testsuite> <!-- com.TestScenarios.ShearCircle_CustRegistration -->
