<?xml version="1.0" encoding="UTF-8"?>
<!-- Generated by org.testng.reporters.JUnitReportReporter -->
<testsuite skipped="0" hostname="AaRav" name="com.TestScenarios.AakruthiCollections" tests="2" failures="0" timestamp="2019-10-17T21:28:03 EDT" time="13.666" errors="0">
  <testcase name="TC_001_login" time="10.234" classname="com.TestScenarios.AakruthiCollections"/>
  <testcase name="TC_002_viewAddress" time="3.432" classname="com.TestScenarios.AakruthiCollections"/>
</testsuite> <!-- com.TestScenarios.AakruthiCollections -->
