<?xml version="1.0" encoding="UTF-8"?>
<!-- Generated by org.testng.reporters.JUnitReportReporter -->
<testsuite skipped="0" hostname="AaRav" name="com.TestScenarios.ShearCircle" tests="1" failures="0" timestamp="2020-04-11T00:40:01 EDT" time="52.236" errors="0">
  <testcase name="login" time="52.236" classname="com.TestScenarios.ShearCircle"/>
</testsuite> <!-- com.TestScenarios.ShearCircle -->
