<?xml version="1.0" encoding="UTF-8"?>
<!-- Generated by org.testng.reporters.JUnitReportReporter -->
<testsuite skipped="0" hostname="AaRav" name="com.TestScenarios.ShearCircle" tests="1" failures="0" timestamp="2020-01-20T13:52:48 EST" time="25.745" errors="0">
  <testcase name="login" time="25.745" classname="com.TestScenarios.ShearCircle"/>
</testsuite> <!-- com.TestScenarios.ShearCircle -->
