<?xml version="1.0" encoding="UTF-8"?>
<!-- Generated by org.testng.reporters.JUnitReportReporter -->
<testsuite skipped="0" hostname="AaRav" name="com.TestNG.TestNgAnnotations" tests="3" failures="0" timestamp="2020-01-20T13:52:48 EST" time="0.005" errors="0">
  <testcase name="r" time="0.001" classname="com.TestNG.TestNgAnnotations"/>
  <testcase name="f" time="0.002" classname="com.TestNG.TestNgAnnotations"/>
  <testcase name="a" time="0.002" classname="com.TestNG.TestNgAnnotations"/>
</testsuite> <!-- com.TestNG.TestNgAnnotations -->
