<?xml version="1.0" encoding="UTF-8"?>
<!-- Generated by org.testng.reporters.JUnitReportReporter -->
<testsuite skipped="0" hostname="AaRav" name="com.TestNG.FB_login" tests="1" failures="0" timestamp="2019-11-23T10:20:59 EST" time="17.332" errors="0">
  <testcase name="f" time="17.332" classname="com.TestNG.FB_login"/>
</testsuite> <!-- com.TestNG.FB_login -->
