<?xml version="1.0" encoding="UTF-8"?>
<!-- Generated by org.testng.reporters.JUnitReportReporter -->
<testsuite skipped="0" hostname="AaRav" name="com.TestScenarios.ShearCircle" tests="1" failures="0" timestamp="2019-10-21T21:20:25 EDT" time="19.567" errors="0">
  <testcase name="login" time="19.567" classname="com.TestScenarios.ShearCircle"/>
</testsuite> <!-- com.TestScenarios.ShearCircle -->
