<?xml version="1.0" encoding="UTF-8"?>
<!-- Generated by org.testng.reporters.JUnitReportReporter -->
<testsuite skipped="0" hostname="LAPTOP-CL6L7SG3" name="com.TestScenarios.CreateExcel" tests="1" failures="0" timestamp="2019-09-23T21:38:17 EDT" time="0.148" errors="0">
  <testcase name="createexcelshhet" time="0.148" classname="com.TestScenarios.CreateExcel"/>
</testsuite> <!-- com.TestScenarios.CreateExcel -->
