<?xml version="1.0" encoding="UTF-8"?>
<!-- Generated by org.testng.reporters.JUnitReportReporter -->
<testsuite skipped="0" hostname="AaRav" name="com.TestScenarios.ShearCircle" tests="1" failures="0" timestamp="2019-11-11T20:05:13 EST" time="68.281" errors="0">
  <testcase name="login" time="68.281" classname="com.TestScenarios.ShearCircle"/>
</testsuite> <!-- com.TestScenarios.ShearCircle -->
