<?xml version="1.0" encoding="UTF-8"?>
<!-- Generated by org.testng.reporters.JUnitReportReporter -->
<testsuite skipped="0" hostname="LAPTOP-CL6L7SG3" name="com.TestScenarios.FB_Login" tests="2" failures="0" timestamp="2019-09-13T22:41:19 EDT" time="8.821" errors="0">
  <testcase name="login" time="5.068" classname="com.TestScenarios.FB_Login"/>
  <testcase name="test" time="3.753" classname="com.TestScenarios.FB_Login"/>
</testsuite> <!-- com.TestScenarios.FB_Login -->
