<?xml version="1.0" encoding="UTF-8"?>
<!-- Generated by org.testng.reporters.JUnitReportReporter -->
<testsuite skipped="0" hostname="AaRav" name="com.TestScenarios.FB_Login" tests="1" failures="0" timestamp="2019-10-01T21:21:22 EDT" time="17.868" errors="0">
  <testcase name="login" time="17.868" classname="com.TestScenarios.FB_Login"/>
</testsuite> <!-- com.TestScenarios.FB_Login -->
