<?xml version="1.0" encoding="UTF-8"?>
<!-- Generated by org.testng.reporters.JUnitReportReporter -->
<testsuite skipped="0" hostname="LAPTOP-CL6L7SG3" name="com.TestScenarios.JXL_Read" tests="1" failures="0" timestamp="2019-09-20T22:20:59 EDT" time="46.246" errors="0">
  <testcase name="login" time="46.246" classname="com.TestScenarios.JXL_Read"/>
</testsuite> <!-- com.TestScenarios.JXL_Read -->
