<?xml version="1.0" encoding="UTF-8"?>
<!-- Generated by org.testng.reporters.JUnitReportReporter -->
<testsuite skipped="0" hostname="AaRav" name="com.TestScenarios.FrameSample" tests="1" failures="0" timestamp="2020-04-06T18:32:31 EDT" time="13.601" errors="0">
  <testcase name="login" time="13.601" classname="com.TestScenarios.FrameSample"/>
</testsuite> <!-- com.TestScenarios.FrameSample -->
