<?xml version="1.0" encoding="UTF-8"?>
<!-- Generated by org.testng.reporters.JUnitReportReporter -->
<testsuite skipped="0" hostname="AaRav" name="com.TestScenarios.usingMethods" tests="1" failures="0" timestamp="2019-12-05T22:47:20 EST" time="8.530" errors="0">
  <testcase name="login" time="8.530" classname="com.TestScenarios.usingMethods"/>
</testsuite> <!-- com.TestScenarios.usingMethods -->
