<?xml version="1.0" encoding="UTF-8"?>
<!-- Generated by org.testng.reporters.JUnitReportReporter -->
<testsuite skipped="0" hostname="AaRav" name="com.TestNG.Sample2" tests="2" failures="0" timestamp="2020-01-20T13:52:48 EST" time="0.006" errors="0">
  <testcase name="a" time="0.003" classname="com.TestNG.Sample2"/>
  <testcase name="b" time="0.003" classname="com.TestNG.Sample2"/>
</testsuite> <!-- com.TestNG.Sample2 -->
