<?xml version="1.0" encoding="UTF-8"?>
<!-- Generated by org.testng.reporters.JUnitReportReporter -->
<testsuite skipped="0" hostname="AaRav" name="com.TestScenarios.FrameSample" tests="1" failures="0" timestamp="2019-11-04T20:25:42 EST" time="12.657" errors="0">
  <testcase name="login" time="12.657" classname="com.TestScenarios.FrameSample"/>
</testsuite> <!-- com.TestScenarios.FrameSample -->
