<?xml version="1.0" encoding="UTF-8"?>
<!-- Generated by org.testng.reporters.JUnitReportReporter -->
<testsuite skipped="0" hostname="AaRav" name="com.TestScenarios.ShearCircle" tests="1" failures="0" timestamp="2019-11-23T10:20:59 EST" time="18.868" errors="0">
  <testcase name="login" time="18.868" classname="com.TestScenarios.ShearCircle"/>
</testsuite> <!-- com.TestScenarios.ShearCircle -->
