<?xml version="1.0" encoding="UTF-8"?>
<!-- Generated by org.testng.reporters.JUnitReportReporter -->
<testsuite skipped="0" hostname="LAPTOP-CL6L7SG3" name="com.TestNG.FB_login" tests="1" failures="0" timestamp="2019-09-12T22:52:34 EDT" time="11.148" errors="0">
  <testcase name="f" time="11.148" classname="com.TestNG.FB_login"/>
</testsuite> <!-- com.TestNG.FB_login -->
