<?xml version="1.0" encoding="UTF-8"?>
<!-- Generated by org.testng.reporters.JUnitReportReporter -->
<testsuite skipped="0" hostname="AaRav" name="com.TestScenarios.AakruthiCollections" tests="2" failures="0" timestamp="2019-12-09T19:38:37 EST" time="27.590" errors="0">
  <testcase name="TC_001_login" time="23.767" classname="com.TestScenarios.AakruthiCollections"/>
  <testcase name="TC_002_viewAddress" time="3.823" classname="com.TestScenarios.AakruthiCollections"/>
</testsuite> <!-- com.TestScenarios.AakruthiCollections -->
