<?xml version="1.0" encoding="UTF-8"?>
<!-- Generated by org.testng.reporters.JUnitReportReporter -->
<testsuite skipped="0" hostname="AaRav" name="com.TestScenarios.CreateExcel" tests="1" failures="0" timestamp="2020-03-26T20:57:08 EDT" time="0.416" errors="0">
  <testcase name="createexcelshhet" time="0.416" classname="com.TestScenarios.CreateExcel"/>
</testsuite> <!-- com.TestScenarios.CreateExcel -->
