<?xml version="1.0" encoding="UTF-8"?>
<!-- Generated by org.testng.reporters.JUnitReportReporter -->
<testsuite skipped="0" hostname="LAPTOP-CL6L7SG3" name="com.TestScenarios.TestNgAnnotations" tests="3" failures="0" timestamp="2019-08-27T20:48:57 EDT" time="0.009" errors="0">
  <testcase name="r" time="0.001" classname="com.TestScenarios.TestNgAnnotations"/>
  <testcase name="f" time="0.002" classname="com.TestScenarios.TestNgAnnotations"/>
  <testcase name="a" time="0.006" classname="com.TestScenarios.TestNgAnnotations"/>
</testsuite> <!-- com.TestScenarios.TestNgAnnotations -->
