<?xml version="1.0" encoding="UTF-8"?>
<!-- Generated by org.testng.reporters.JUnitReportReporter -->
<testsuite skipped="0" hostname="AaRav" name="com.TestNG.Sample2" tests="2" failures="0" timestamp="2019-11-23T10:20:59 EST" time="0.011" errors="0">
  <testcase name="b" time="0.003" classname="com.TestNG.Sample2"/>
  <testcase name="a" time="0.008" classname="com.TestNG.Sample2"/>
</testsuite> <!-- com.TestNG.Sample2 -->
