<?xml version="1.0" encoding="UTF-8"?>
<!-- Generated by org.testng.reporters.JUnitReportReporter -->
<testsuite skipped="0" hostname="AaRav" name="com.TestScenarios.SwitchtoTab" tests="1" failures="0" timestamp="2019-12-28T13:13:45 EST" time="24.694" errors="0">
  <testcase name="login" time="24.694" classname="com.TestScenarios.SwitchtoTab"/>
</testsuite> <!-- com.TestScenarios.SwitchtoTab -->
