<?xml version="1.0" encoding="UTF-8"?>
<!-- Generated by org.testng.reporters.JUnitReportReporter -->
<testsuite skipped="0" hostname="AaRav" name="com.TestNG.FB_login" tests="1" failures="0" timestamp="2020-01-20T13:52:49 EST" time="12.701" errors="0">
  <testcase name="f" time="12.701" classname="com.TestNG.FB_login"/>
</testsuite> <!-- com.TestNG.FB_login -->
